KutralNetMobileOct(
  (firstBlock): Sequential(
    (0): Conv2d(3, 32, kernel_size=(3, 3), stride=(1, 1), padding=(1, 1), bias=False)
    (1): BatchNorm2d(32, eps=1e-05, momentum=0.1, affine=True, track_running_stats=True)
    (2): LeakyReLU(negative_slope=0.01, inplace=True)
    (3): MaxPool2d(kernel_size=2, stride=2, padding=0, dilation=1, ceil_mode=False)
  )
  (block1): InvertedResidualOct(
    (conv): Sequential(
      (0): OctConvBlock(
        (conv): OctConv2d(in_channels=(low: 0, high: 32), out_channels=(low: 64, high: 64),
                  kernel_size=(1, 1), stride=(1, 1),
                  padding=0, alphas=(0.0, 0.5), dilation=1, groups=(low: 1, high: 1),
                  bias=False)
        (bn): _BatchNorm2d(
          (bnh): BatchNorm2d(64, eps=1e-05, momentum=0.1, affine=True, track_running_stats=True)
          (bnl): BatchNorm2d(64, eps=1e-05, momentum=0.1, affine=True, track_running_stats=True)
        )
        (act): _LeakyReLU(negative_slope=0.01, inplace=True)
      )
      (1): OctConvBlock(
        (conv): OctConv2d(in_channels=(low: 64, high: 64), out_channels=(low: 64, high: 64),
                  kernel_size=(3, 3), stride=(2, 2),
                  padding=1, alphas=(0.5, 0.5), dilation=1, groups=(low: 64, high: 64),
                  bias=False)
        (bn): _BatchNorm2d(
          (bnh): BatchNorm2d(64, eps=1e-05, momentum=0.1, affine=True, track_running_stats=True)
          (bnl): BatchNorm2d(64, eps=1e-05, momentum=0.1, affine=True, track_running_stats=True)
        )
        (act): _LeakyReLU(negative_slope=0.01, inplace=True)
      )
      (2): OctConv2d(in_channels=(low: 64, high: 64), out_channels=(low: 32, high: 32),
                kernel_size=(1, 1), stride=(1, 1),
                padding=0, alphas=(0.5, 0.5), dilation=1, groups=(low: 1, high: 1),
                bias=False)
      (3): _BatchNorm2d(
        (bnh): BatchNorm2d(32, eps=1e-05, momentum=0.1, affine=True, track_running_stats=True)
        (bnl): BatchNorm2d(32, eps=1e-05, momentum=0.1, affine=True, track_running_stats=True)
      )
    )
  )
  (block2): InvertedResidualOct(
    (conv): Sequential(
      (0): OctConvBlock(
        (conv): OctConv2d(in_channels=(low: 32, high: 32), out_channels=(low: 128, high: 128),
                  kernel_size=(1, 1), stride=(1, 1),
                  padding=0, alphas=(0.5, 0.5), dilation=1, groups=(low: 1, high: 1),
                  bias=False)
        (bn): _BatchNorm2d(
          (bnh): BatchNorm2d(128, eps=1e-05, momentum=0.1, affine=True, track_running_stats=True)
          (bnl): BatchNorm2d(128, eps=1e-05, momentum=0.1, affine=True, track_running_stats=True)
        )
        (act): _LeakyReLU(negative_slope=0.01, inplace=True)
      )
      (1): OctConvBlock(
        (conv): OctConv2d(in_channels=(low: 128, high: 128), out_channels=(low: 128, high: 128),
                  kernel_size=(3, 3), stride=(2, 2),
                  padding=1, alphas=(0.5, 0.5), dilation=1, groups=(low: 128, high: 128),
                  bias=False)
        (bn): _BatchNorm2d(
          (bnh): BatchNorm2d(128, eps=1e-05, momentum=0.1, affine=True, track_running_stats=True)
          (bnl): BatchNorm2d(128, eps=1e-05, momentum=0.1, affine=True, track_running_stats=True)
        )
        (act): _LeakyReLU(negative_slope=0.01, inplace=True)
      )
      (2): OctConv2d(in_channels=(low: 128, high: 128), out_channels=(low: 64, high: 64),
                kernel_size=(1, 1), stride=(1, 1),
                padding=0, alphas=(0.5, 0.5), dilation=1, groups=(low: 1, high: 1),
                bias=False)
      (3): _BatchNorm2d(
        (bnh): BatchNorm2d(64, eps=1e-05, momentum=0.1, affine=True, track_running_stats=True)
        (bnl): BatchNorm2d(64, eps=1e-05, momentum=0.1, affine=True, track_running_stats=True)
      )
    )
  )
  (block3): InvertedResidualOct(
    (conv): Sequential(
      (0): OctConvBlock(
        (conv): OctConv2d(in_channels=(low: 64, high: 64), out_channels=(low: 256, high: 256),
                  kernel_size=(1, 1), stride=(1, 1),
                  padding=0, alphas=(0.5, 0.5), dilation=1, groups=(low: 1, high: 1),
                  bias=False)
        (bn): _BatchNorm2d(
          (bnh): BatchNorm2d(256, eps=1e-05, momentum=0.1, affine=True, track_running_stats=True)
          (bnl): BatchNorm2d(256, eps=1e-05, momentum=0.1, affine=True, track_running_stats=True)
        )
        (act): _LeakyReLU(negative_slope=0.01, inplace=True)
      )
      (1): OctConvBlock(
        (conv): OctConv2d(in_channels=(low: 256, high: 256), out_channels=(low: 256, high: 256),
                  kernel_size=(3, 3), stride=(1, 1),
                  padding=1, alphas=(0.5, 0.5), dilation=1, groups=(low: 256, high: 256),
                  bias=False)
        (bn): _BatchNorm2d(
          (bnh): BatchNorm2d(256, eps=1e-05, momentum=0.1, affine=True, track_running_stats=True)
          (bnl): BatchNorm2d(256, eps=1e-05, momentum=0.1, affine=True, track_running_stats=True)
        )
        (act): _LeakyReLU(negative_slope=0.01, inplace=True)
      )
      (2): OctConv2d(in_channels=(low: 256, high: 256), out_channels=(low: 0, high: 64),
                kernel_size=(1, 1), stride=(1, 1),
                padding=0, alphas=(0.5, 0.0), dilation=1, groups=(low: 1, high: 1),
                bias=False)
      (3): _BatchNorm2d(
        (bnh): BatchNorm2d(64, eps=1e-05, momentum=0.1, affine=True, track_running_stats=True)
        (bnl): BatchNorm2d(0, eps=1e-05, momentum=0.1, affine=True, track_running_stats=True)
      )
    )
  )
  (down_sample): Sequential(
    (0): _MaxPool2d(kernel_size=2, stride=2, padding=0, dilation=1, ceil_mode=False)
    (1): _BatchNorm2d(
      (bnh): BatchNorm2d(32, eps=1e-05, momentum=0.1, affine=True, track_running_stats=True)
      (bnl): BatchNorm2d(32, eps=1e-05, momentum=0.1, affine=True, track_running_stats=True)
    )
    (2): OctConvBlock(
      (conv): OctConv2d(in_channels=(low: 32, high: 32), out_channels=(low: 0, high: 64),
                kernel_size=(1, 1), stride=(1, 1),
                padding=0, alphas=(0.5, 0.0), dilation=1, groups=(low: 1, high: 1),
                bias=False)
    )
  )
  (global_pool): AdaptiveAvgPool2d(output_size=(1, 1))
  (classifier): Linear(in_features=64, out_features=2, bias=True)
)
data_lengths {'train': 1574, 'val': 394}
Epoch 001/100: Train Loss: 0.0140 Acc: 0.8259 | Val Loss: 0.0117 Acc: 0.8629 | time elapsed: 0m 1s
Epoch 002/100: Train Loss: 0.0112 Acc: 0.8532 | Val Loss: 0.0112 Acc: 0.8807 | time elapsed: 0m 1s
Epoch 003/100: Train Loss: 0.0099 Acc: 0.8742 | Val Loss: 0.0096 Acc: 0.8629 | time elapsed: 0m 1s
Epoch 004/100: Train Loss: 0.0086 Acc: 0.8945 | Val Loss: 0.0084 Acc: 0.8985 | time elapsed: 0m 1s
Epoch 005/100: Train Loss: 0.0079 Acc: 0.9041 | Val Loss: 0.0091 Acc: 0.9112 | time elapsed: 0m 1s
Epoch 006/100: Train Loss: 0.0071 Acc: 0.9180 | Val Loss: 0.0114 Acc: 0.8731 | time elapsed: 0m 1s
Epoch 007/100: Train Loss: 0.0063 Acc: 0.9244 | Val Loss: 0.0083 Acc: 0.9061 | time elapsed: 0m 1s
Epoch 008/100: Train Loss: 0.0055 Acc: 0.9295 | Val Loss: 0.0089 Acc: 0.9086 | time elapsed: 0m 1s
Epoch 009/100: Train Loss: 0.0047 Acc: 0.9466 | Val Loss: 0.0076 Acc: 0.9239 | time elapsed: 0m 1s
Epoch 010/100: Train Loss: 0.0040 Acc: 0.9562 | Val Loss: 0.0135 Acc: 0.8477 | time elapsed: 0m 1s
Epoch 011/100: Train Loss: 0.0035 Acc: 0.9543 | Val Loss: 0.0090 Acc: 0.9061 | time elapsed: 0m 1s
Epoch 012/100: Train Loss: 0.0039 Acc: 0.9498 | Val Loss: 0.0099 Acc: 0.8909 | time elapsed: 0m 1s
Epoch 013/100: Train Loss: 0.0022 Acc: 0.9790 | Val Loss: 0.0081 Acc: 0.9137 | time elapsed: 0m 1s
Epoch 014/100: Train Loss: 0.0018 Acc: 0.9809 | Val Loss: 0.0106 Acc: 0.8832 | time elapsed: 0m 1s
Epoch 015/100: Train Loss: 0.0023 Acc: 0.9752 | Val Loss: 0.0072 Acc: 0.9264 | time elapsed: 0m 1s
Epoch 016/100: Train Loss: 0.0015 Acc: 0.9835 | Val Loss: 0.0084 Acc: 0.9365 | time elapsed: 0m 1s
Epoch 017/100: Train Loss: 0.0012 Acc: 0.9867 | Val Loss: 0.0092 Acc: 0.9162 | time elapsed: 0m 1s
Epoch 018/100: Train Loss: 0.0009 Acc: 0.9892 | Val Loss: 0.0203 Acc: 0.8096 | time elapsed: 0m 1s
Epoch 019/100: Train Loss: 0.0021 Acc: 0.9740 | Val Loss: 0.0120 Acc: 0.8985 | time elapsed: 0m 1s
Epoch 020/100: Train Loss: 0.0012 Acc: 0.9860 | Val Loss: 0.0098 Acc: 0.9036 | time elapsed: 0m 1s
Epoch 021/100: Train Loss: 0.0008 Acc: 0.9949 | Val Loss: 0.0107 Acc: 0.9112 | time elapsed: 0m 1s
Epoch 022/100: Train Loss: 0.0006 Acc: 0.9962 | Val Loss: 0.0090 Acc: 0.9239 | time elapsed: 0m 1s
Epoch 023/100: Train Loss: 0.0008 Acc: 0.9924 | Val Loss: 0.0213 Acc: 0.8147 | time elapsed: 0m 1s
Epoch 024/100: Train Loss: 0.0024 Acc: 0.9765 | Val Loss: 0.0112 Acc: 0.8782 | time elapsed: 0m 1s
Epoch 025/100: Train Loss: 0.0027 Acc: 0.9676 | Val Loss: 0.0206 Acc: 0.8426 | time elapsed: 0m 1s
Epoch 026/100: Train Loss: 0.0023 Acc: 0.9720 | Val Loss: 0.0083 Acc: 0.9112 | time elapsed: 0m 1s
Epoch 027/100: Train Loss: 0.0008 Acc: 0.9911 | Val Loss: 0.0103 Acc: 0.9239 | time elapsed: 0m 1s
Epoch 028/100: Train Loss: 0.0003 Acc: 0.9981 | Val Loss: 0.0090 Acc: 0.9264 | time elapsed: 0m 1s
Epoch 029/100: Train Loss: 0.0003 Acc: 0.9975 | Val Loss: 0.0101 Acc: 0.9264 | time elapsed: 0m 1s
Epoch 030/100: Train Loss: 0.0004 Acc: 0.9962 | Val Loss: 0.0111 Acc: 0.9162 | time elapsed: 0m 1s
Epoch 031/100: Train Loss: 0.0003 Acc: 0.9981 | Val Loss: 0.0154 Acc: 0.9036 | time elapsed: 0m 1s
Epoch 032/100: Train Loss: 0.0004 Acc: 0.9962 | Val Loss: 0.0107 Acc: 0.9315 | time elapsed: 0m 1s
Epoch 033/100: Train Loss: 0.0006 Acc: 0.9949 | Val Loss: 0.0152 Acc: 0.8756 | time elapsed: 0m 1s
Epoch 034/100: Train Loss: 0.0010 Acc: 0.9898 | Val Loss: 0.0118 Acc: 0.9188 | time elapsed: 0m 1s
Epoch 035/100: Train Loss: 0.0017 Acc: 0.9797 | Val Loss: 0.0124 Acc: 0.9137 | time elapsed: 0m 1s
Epoch 036/100: Train Loss: 0.0006 Acc: 0.9956 | Val Loss: 0.0130 Acc: 0.9188 | time elapsed: 0m 1s
Epoch 037/100: Train Loss: 0.0009 Acc: 0.9898 | Val Loss: 0.0101 Acc: 0.9112 | time elapsed: 0m 1s
Epoch 038/100: Train Loss: 0.0012 Acc: 0.9860 | Val Loss: 0.0116 Acc: 0.9213 | time elapsed: 0m 1s
Epoch 039/100: Train Loss: 0.0004 Acc: 0.9987 | Val Loss: 0.0117 Acc: 0.9188 | time elapsed: 0m 1s
Epoch 040/100: Train Loss: 0.0017 Acc: 0.9854 | Val Loss: 0.0103 Acc: 0.9086 | time elapsed: 0m 1s
Epoch 041/100: Train Loss: 0.0037 Acc: 0.9657 | Val Loss: 0.0113 Acc: 0.8959 | time elapsed: 0m 1s
Epoch 042/100: Train Loss: 0.0016 Acc: 0.9803 | Val Loss: 0.0104 Acc: 0.9010 | time elapsed: 0m 1s
Epoch 043/100: Train Loss: 0.0011 Acc: 0.9917 | Val Loss: 0.0105 Acc: 0.9289 | time elapsed: 0m 1s
Epoch 044/100: Train Loss: 0.0015 Acc: 0.9879 | Val Loss: 0.0145 Acc: 0.8985 | time elapsed: 0m 1s
Epoch 045/100: Train Loss: 0.0014 Acc: 0.9873 | Val Loss: 0.0112 Acc: 0.9036 | time elapsed: 0m 1s
Epoch 046/100: Train Loss: 0.0014 Acc: 0.9873 | Val Loss: 0.0109 Acc: 0.8985 | time elapsed: 0m 1s
Epoch 047/100: Train Loss: 0.0003 Acc: 0.9968 | Val Loss: 0.0115 Acc: 0.9162 | time elapsed: 0m 1s
Epoch 048/100: Train Loss: 0.0002 Acc: 0.9994 | Val Loss: 0.0115 Acc: 0.9188 | time elapsed: 0m 1s
Epoch 049/100: Train Loss: 0.0001 Acc: 0.9994 | Val Loss: 0.0135 Acc: 0.9086 | time elapsed: 0m 1s
Epoch 050/100: Train Loss: 0.0001 Acc: 1.0000 | Val Loss: 0.0111 Acc: 0.9213 | time elapsed: 0m 1s
Epoch 051/100: Train Loss: 0.0001 Acc: 0.9994 | Val Loss: 0.0108 Acc: 0.9162 | time elapsed: 0m 1s
Epoch 052/100: Train Loss: 0.0001 Acc: 1.0000 | Val Loss: 0.0122 Acc: 0.9188 | time elapsed: 0m 1s
Epoch 053/100: Train Loss: 0.0001 Acc: 0.9994 | Val Loss: 0.0126 Acc: 0.9112 | time elapsed: 0m 1s
Epoch 054/100: Train Loss: 0.0000 Acc: 1.0000 | Val Loss: 0.0118 Acc: 0.9188 | time elapsed: 0m 1s
Epoch 055/100: Train Loss: 0.0000 Acc: 1.0000 | Val Loss: 0.0121 Acc: 0.9188 | time elapsed: 0m 1s
Epoch 056/100: Train Loss: 0.0002 Acc: 0.9994 | Val Loss: 0.0115 Acc: 0.9239 | time elapsed: 0m 1s
Epoch 057/100: Train Loss: 0.0030 Acc: 0.9670 | Val Loss: 0.0166 Acc: 0.8959 | time elapsed: 0m 1s
Epoch 058/100: Train Loss: 0.0027 Acc: 0.9708 | Val Loss: 0.0118 Acc: 0.8959 | time elapsed: 0m 1s
Epoch 059/100: Train Loss: 0.0017 Acc: 0.9790 | Val Loss: 0.0093 Acc: 0.9137 | time elapsed: 0m 1s
Epoch 060/100: Train Loss: 0.0004 Acc: 0.9949 | Val Loss: 0.0103 Acc: 0.9315 | time elapsed: 0m 1s
Epoch 061/100: Train Loss: 0.0002 Acc: 0.9994 | Val Loss: 0.0109 Acc: 0.9239 | time elapsed: 0m 1s
Epoch 062/100: Train Loss: 0.0002 Acc: 0.9987 | Val Loss: 0.0096 Acc: 0.9162 | time elapsed: 0m 1s
Epoch 063/100: Train Loss: 0.0001 Acc: 1.0000 | Val Loss: 0.0101 Acc: 0.9264 | time elapsed: 0m 1s
Epoch 064/100: Train Loss: 0.0001 Acc: 0.9994 | Val Loss: 0.0108 Acc: 0.9188 | time elapsed: 0m 1s
Epoch 065/100: Train Loss: 0.0002 Acc: 0.9994 | Val Loss: 0.0129 Acc: 0.9213 | time elapsed: 0m 1s
Epoch 066/100: Train Loss: 0.0001 Acc: 0.9994 | Val Loss: 0.0116 Acc: 0.9239 | time elapsed: 0m 1s
Epoch 067/100: Train Loss: 0.0001 Acc: 0.9994 | Val Loss: 0.0127 Acc: 0.9188 | time elapsed: 0m 1s
Epoch 068/100: Train Loss: 0.0002 Acc: 0.9981 | Val Loss: 0.0115 Acc: 0.9086 | time elapsed: 0m 1s
Epoch 069/100: Train Loss: 0.0001 Acc: 0.9994 | Val Loss: 0.0107 Acc: 0.9112 | time elapsed: 0m 1s
Epoch 070/100: Train Loss: 0.0001 Acc: 1.0000 | Val Loss: 0.0121 Acc: 0.9188 | time elapsed: 0m 1s
Epoch 071/100: Train Loss: 0.0001 Acc: 0.9994 | Val Loss: 0.0117 Acc: 0.9264 | time elapsed: 0m 1s
Epoch 072/100: Train Loss: 0.0001 Acc: 1.0000 | Val Loss: 0.0118 Acc: 0.9239 | time elapsed: 0m 1s
Epoch 073/100: Train Loss: 0.0000 Acc: 1.0000 | Val Loss: 0.0139 Acc: 0.9137 | time elapsed: 0m 1s
Epoch 074/100: Train Loss: 0.0000 Acc: 1.0000 | Val Loss: 0.0115 Acc: 0.9086 | time elapsed: 0m 1s
Epoch 075/100: Train Loss: 0.0001 Acc: 0.9987 | Val Loss: 0.0126 Acc: 0.9213 | time elapsed: 0m 1s
Epoch 076/100: Train Loss: 0.0000 Acc: 1.0000 | Val Loss: 0.0131 Acc: 0.9188 | time elapsed: 0m 1s
Epoch 077/100: Train Loss: 0.0000 Acc: 1.0000 | Val Loss: 0.0114 Acc: 0.9137 | time elapsed: 0m 1s
Epoch 078/100: Train Loss: 0.0000 Acc: 1.0000 | Val Loss: 0.0117 Acc: 0.9162 | time elapsed: 0m 1s
Epoch 079/100: Train Loss: 0.0007 Acc: 0.9987 | Val Loss: 0.0153 Acc: 0.8985 | time elapsed: 0m 1s
Epoch 080/100: Train Loss: 0.0041 Acc: 0.9587 | Val Loss: 0.0135 Acc: 0.9213 | time elapsed: 0m 1s
Epoch 081/100: Train Loss: 0.0022 Acc: 0.9720 | Val Loss: 0.0137 Acc: 0.9137 | time elapsed: 0m 1s
Epoch 082/100: Train Loss: 0.0010 Acc: 0.9892 | Val Loss: 0.0115 Acc: 0.9137 | time elapsed: 0m 1s
Epoch 083/100: Train Loss: 0.0003 Acc: 0.9975 | Val Loss: 0.0095 Acc: 0.9112 | time elapsed: 0m 1s
Epoch 084/100: Train Loss: 0.0001 Acc: 1.0000 | Val Loss: 0.0094 Acc: 0.9112 | time elapsed: 0m 1s
Epoch 085/100: Train Loss: 0.0001 Acc: 1.0000 | Val Loss: 0.0100 Acc: 0.9112 | time elapsed: 0m 1s
Epoch 086/100: Train Loss: 0.0001 Acc: 1.0000 | Val Loss: 0.0107 Acc: 0.9112 | time elapsed: 0m 1s
Epoch 087/100: Train Loss: 0.0003 Acc: 0.9962 | Val Loss: 0.0162 Acc: 0.9137 | time elapsed: 0m 1s
Epoch 088/100: Train Loss: 0.0003 Acc: 0.9981 | Val Loss: 0.0136 Acc: 0.9010 | time elapsed: 0m 1s
Epoch 089/100: Train Loss: 0.0002 Acc: 0.9987 | Val Loss: 0.0139 Acc: 0.8832 | time elapsed: 0m 1s
Epoch 090/100: Train Loss: 0.0001 Acc: 1.0000 | Val Loss: 0.0114 Acc: 0.9264 | time elapsed: 0m 1s
Epoch 091/100: Train Loss: 0.0001 Acc: 1.0000 | Val Loss: 0.0116 Acc: 0.9162 | time elapsed: 0m 1s
Epoch 092/100: Train Loss: 0.0000 Acc: 1.0000 | Val Loss: 0.0117 Acc: 0.9188 | time elapsed: 0m 1s
Epoch 093/100: Train Loss: 0.0000 Acc: 1.0000 | Val Loss: 0.0108 Acc: 0.9137 | time elapsed: 0m 1s
Epoch 094/100: Train Loss: 0.0000 Acc: 1.0000 | Val Loss: 0.0128 Acc: 0.9162 | time elapsed: 0m 1s
Epoch 095/100: Train Loss: 0.0001 Acc: 0.9994 | Val Loss: 0.0121 Acc: 0.9162 | time elapsed: 0m 1s
Epoch 096/100: Train Loss: 0.0000 Acc: 1.0000 | Val Loss: 0.0115 Acc: 0.9188 | time elapsed: 0m 1s
Epoch 097/100: Train Loss: 0.0000 Acc: 1.0000 | Val Loss: 0.0115 Acc: 0.9162 | time elapsed: 0m 1s
Epoch 098/100: Train Loss: 0.0000 Acc: 0.9994 | Val Loss: 0.0142 Acc: 0.9010 | time elapsed: 0m 1s
Epoch 099/100: Train Loss: 0.0001 Acc: 0.9994 | Val Loss: 0.0125 Acc: 0.9188 | time elapsed: 0m 1s
Epoch 100/100: Train Loss: 0.0002 Acc: 0.9981 | Val Loss: 0.0178 Acc: 0.8883 | time elapsed: 0m 1s
Training complete in 2m 21s
Best accuracy on epoch 16: 0.936548
