FireNet(
  (block1): ConvBlock(
    (conv1): Conv2d(3, 16, kernel_size=(3, 3), stride=(1, 1))
    (relu): ReLU(inplace=True)
    (avg_pool): AvgPool2d(kernel_size=2, stride=2, padding=0)
    (dropout): Dropout2d(p=0.5, inplace=False)
  )
  (block2): ConvBlock(
    (conv1): Conv2d(16, 32, kernel_size=(3, 3), stride=(1, 1))
    (relu): ReLU(inplace=True)
    (avg_pool): AvgPool2d(kernel_size=2, stride=2, padding=0)
    (dropout): Dropout2d(p=0.5, inplace=False)
  )
  (block3): ConvBlock(
    (conv1): Conv2d(32, 64, kernel_size=(3, 3), stride=(1, 1))
    (relu): ReLU(inplace=True)
    (avg_pool): AvgPool2d(kernel_size=2, stride=2, padding=0)
    (dropout): Dropout2d(p=0.5, inplace=False)
  )
  (linear1): Linear(in_features=2304, out_features=256, bias=True)
  (relu): ReLU(inplace=True)
  (dropout): Dropout(p=0.2, inplace=False)
  (linear2): Linear(in_features=256, out_features=128, bias=True)
  (linear3): Linear(in_features=128, out_features=2, bias=True)
)
data_lengths {'train': 5238, 'val': 1310}
Epoch 001/100: Train Loss: 0.0177 Acc: 0.7260 | Val Loss: 0.0164 Acc: 0.7450 | time elapsed: 0m 2s
Epoch 002/100: Train Loss: 0.0160 Acc: 0.7637 | Val Loss: 0.0161 Acc: 0.7695 | time elapsed: 0m 2s
Epoch 003/100: Train Loss: 0.0153 Acc: 0.7812 | Val Loss: 0.0156 Acc: 0.7519 | time elapsed: 0m 2s
Epoch 004/100: Train Loss: 0.0153 Acc: 0.7753 | Val Loss: 0.0161 Acc: 0.7763 | time elapsed: 0m 2s
Epoch 005/100: Train Loss: 0.0148 Acc: 0.7866 | Val Loss: 0.0150 Acc: 0.7664 | time elapsed: 0m 2s
Epoch 006/100: Train Loss: 0.0149 Acc: 0.7875 | Val Loss: 0.0150 Acc: 0.7832 | time elapsed: 0m 2s
Epoch 007/100: Train Loss: 0.0146 Acc: 0.7890 | Val Loss: 0.0148 Acc: 0.7794 | time elapsed: 0m 2s
Epoch 008/100: Train Loss: 0.0145 Acc: 0.7854 | Val Loss: 0.0146 Acc: 0.7832 | time elapsed: 0m 2s
Epoch 009/100: Train Loss: 0.0144 Acc: 0.7957 | Val Loss: 0.0148 Acc: 0.7802 | time elapsed: 0m 2s
Epoch 010/100: Train Loss: 0.0144 Acc: 0.7890 | Val Loss: 0.0153 Acc: 0.7664 | time elapsed: 0m 2s
Epoch 011/100: Train Loss: 0.0142 Acc: 0.7988 | Val Loss: 0.0150 Acc: 0.7786 | time elapsed: 0m 2s
Epoch 012/100: Train Loss: 0.0140 Acc: 0.7999 | Val Loss: 0.0145 Acc: 0.7847 | time elapsed: 0m 2s
Epoch 013/100: Train Loss: 0.0141 Acc: 0.8015 | Val Loss: 0.0154 Acc: 0.7824 | time elapsed: 0m 2s
Epoch 014/100: Train Loss: 0.0139 Acc: 0.8016 | Val Loss: 0.0149 Acc: 0.7824 | time elapsed: 0m 2s
Epoch 015/100: Train Loss: 0.0137 Acc: 0.8015 | Val Loss: 0.0151 Acc: 0.7786 | time elapsed: 0m 2s
Epoch 016/100: Train Loss: 0.0137 Acc: 0.8028 | Val Loss: 0.0146 Acc: 0.7832 | time elapsed: 0m 2s
Epoch 017/100: Train Loss: 0.0136 Acc: 0.8068 | Val Loss: 0.0145 Acc: 0.7855 | time elapsed: 0m 2s
Epoch 018/100: Train Loss: 0.0136 Acc: 0.8053 | Val Loss: 0.0148 Acc: 0.7802 | time elapsed: 0m 2s
Epoch 019/100: Train Loss: 0.0135 Acc: 0.8137 | Val Loss: 0.0146 Acc: 0.7794 | time elapsed: 0m 2s
Epoch 020/100: Train Loss: 0.0134 Acc: 0.8137 | Val Loss: 0.0145 Acc: 0.7817 | time elapsed: 0m 2s
Epoch 021/100: Train Loss: 0.0135 Acc: 0.8121 | Val Loss: 0.0145 Acc: 0.7855 | time elapsed: 0m 2s
Epoch 022/100: Train Loss: 0.0135 Acc: 0.8127 | Val Loss: 0.0147 Acc: 0.7771 | time elapsed: 0m 2s
Epoch 023/100: Train Loss: 0.0133 Acc: 0.8116 | Val Loss: 0.0144 Acc: 0.7840 | time elapsed: 0m 2s
Epoch 024/100: Train Loss: 0.0132 Acc: 0.8079 | Val Loss: 0.0145 Acc: 0.7763 | time elapsed: 0m 2s
Epoch 025/100: Train Loss: 0.0132 Acc: 0.8160 | Val Loss: 0.0141 Acc: 0.7809 | time elapsed: 0m 2s
Epoch 026/100: Train Loss: 0.0131 Acc: 0.8183 | Val Loss: 0.0141 Acc: 0.7847 | time elapsed: 0m 2s
Epoch 027/100: Train Loss: 0.0130 Acc: 0.8190 | Val Loss: 0.0143 Acc: 0.7832 | time elapsed: 0m 2s
Epoch 028/100: Train Loss: 0.0129 Acc: 0.8236 | Val Loss: 0.0140 Acc: 0.7847 | time elapsed: 0m 2s
Epoch 029/100: Train Loss: 0.0129 Acc: 0.8225 | Val Loss: 0.0143 Acc: 0.7832 | time elapsed: 0m 2s
Epoch 030/100: Train Loss: 0.0128 Acc: 0.8211 | Val Loss: 0.0141 Acc: 0.7817 | time elapsed: 0m 2s
Epoch 031/100: Train Loss: 0.0126 Acc: 0.8282 | Val Loss: 0.0138 Acc: 0.7908 | time elapsed: 0m 2s
Epoch 032/100: Train Loss: 0.0127 Acc: 0.8202 | Val Loss: 0.0139 Acc: 0.7809 | time elapsed: 0m 2s
Epoch 033/100: Train Loss: 0.0125 Acc: 0.8263 | Val Loss: 0.0136 Acc: 0.7855 | time elapsed: 0m 2s
Epoch 034/100: Train Loss: 0.0127 Acc: 0.8267 | Val Loss: 0.0140 Acc: 0.7863 | time elapsed: 0m 2s
Epoch 035/100: Train Loss: 0.0123 Acc: 0.8291 | Val Loss: 0.0137 Acc: 0.7878 | time elapsed: 0m 2s
Epoch 036/100: Train Loss: 0.0123 Acc: 0.8286 | Val Loss: 0.0137 Acc: 0.7855 | time elapsed: 0m 2s
Epoch 037/100: Train Loss: 0.0123 Acc: 0.8274 | Val Loss: 0.0135 Acc: 0.7870 | time elapsed: 0m 2s
Epoch 038/100: Train Loss: 0.0121 Acc: 0.8337 | Val Loss: 0.0138 Acc: 0.7885 | time elapsed: 0m 2s
Epoch 039/100: Train Loss: 0.0120 Acc: 0.8368 | Val Loss: 0.0133 Acc: 0.7977 | time elapsed: 0m 2s
Epoch 040/100: Train Loss: 0.0120 Acc: 0.8320 | Val Loss: 0.0133 Acc: 0.7939 | time elapsed: 0m 2s
Epoch 041/100: Train Loss: 0.0117 Acc: 0.8337 | Val Loss: 0.0134 Acc: 0.8015 | time elapsed: 0m 2s
Epoch 042/100: Train Loss: 0.0118 Acc: 0.8370 | Val Loss: 0.0134 Acc: 0.8023 | time elapsed: 0m 2s
Epoch 043/100: Train Loss: 0.0116 Acc: 0.8385 | Val Loss: 0.0130 Acc: 0.8031 | time elapsed: 0m 2s
Epoch 044/100: Train Loss: 0.0116 Acc: 0.8398 | Val Loss: 0.0133 Acc: 0.7962 | time elapsed: 0m 2s
Epoch 045/100: Train Loss: 0.0117 Acc: 0.8393 | Val Loss: 0.0132 Acc: 0.8015 | time elapsed: 0m 2s
Epoch 046/100: Train Loss: 0.0116 Acc: 0.8410 | Val Loss: 0.0132 Acc: 0.8023 | time elapsed: 0m 2s
Epoch 047/100: Train Loss: 0.0113 Acc: 0.8456 | Val Loss: 0.0135 Acc: 0.7947 | time elapsed: 0m 2s
Epoch 048/100: Train Loss: 0.0114 Acc: 0.8452 | Val Loss: 0.0137 Acc: 0.7947 | time elapsed: 0m 2s
Epoch 049/100: Train Loss: 0.0111 Acc: 0.8465 | Val Loss: 0.0134 Acc: 0.7947 | time elapsed: 0m 2s
Epoch 050/100: Train Loss: 0.0114 Acc: 0.8482 | Val Loss: 0.0129 Acc: 0.8038 | time elapsed: 0m 2s
Epoch 051/100: Train Loss: 0.0111 Acc: 0.8513 | Val Loss: 0.0130 Acc: 0.7939 | time elapsed: 0m 2s
Epoch 052/100: Train Loss: 0.0111 Acc: 0.8456 | Val Loss: 0.0134 Acc: 0.7962 | time elapsed: 0m 2s
Epoch 053/100: Train Loss: 0.0111 Acc: 0.8496 | Val Loss: 0.0131 Acc: 0.8000 | time elapsed: 0m 2s
Epoch 054/100: Train Loss: 0.0113 Acc: 0.8435 | Val Loss: 0.0129 Acc: 0.8008 | time elapsed: 0m 2s
Epoch 055/100: Train Loss: 0.0109 Acc: 0.8517 | Val Loss: 0.0134 Acc: 0.7901 | time elapsed: 0m 2s
Epoch 056/100: Train Loss: 0.0108 Acc: 0.8526 | Val Loss: 0.0131 Acc: 0.8023 | time elapsed: 0m 2s
Epoch 057/100: Train Loss: 0.0107 Acc: 0.8540 | Val Loss: 0.0131 Acc: 0.8023 | time elapsed: 0m 2s
Epoch 058/100: Train Loss: 0.0106 Acc: 0.8572 | Val Loss: 0.0135 Acc: 0.7962 | time elapsed: 0m 2s
Epoch 059/100: Train Loss: 0.0105 Acc: 0.8612 | Val Loss: 0.0133 Acc: 0.8015 | time elapsed: 0m 2s
Epoch 060/100: Train Loss: 0.0105 Acc: 0.8585 | Val Loss: 0.0136 Acc: 0.7992 | time elapsed: 0m 2s
Epoch 061/100: Train Loss: 0.0106 Acc: 0.8553 | Val Loss: 0.0132 Acc: 0.8015 | time elapsed: 0m 2s
Epoch 062/100: Train Loss: 0.0103 Acc: 0.8604 | Val Loss: 0.0134 Acc: 0.7985 | time elapsed: 0m 2s
Epoch 063/100: Train Loss: 0.0101 Acc: 0.8633 | Val Loss: 0.0132 Acc: 0.8031 | time elapsed: 0m 2s
Epoch 064/100: Train Loss: 0.0100 Acc: 0.8713 | Val Loss: 0.0135 Acc: 0.8053 | time elapsed: 0m 2s
Epoch 065/100: Train Loss: 0.0099 Acc: 0.8755 | Val Loss: 0.0135 Acc: 0.7878 | time elapsed: 0m 2s
Epoch 066/100: Train Loss: 0.0098 Acc: 0.8690 | Val Loss: 0.0137 Acc: 0.8008 | time elapsed: 0m 2s
Epoch 067/100: Train Loss: 0.0096 Acc: 0.8757 | Val Loss: 0.0137 Acc: 0.8000 | time elapsed: 0m 2s
Epoch 068/100: Train Loss: 0.0097 Acc: 0.8759 | Val Loss: 0.0143 Acc: 0.7954 | time elapsed: 0m 2s
Epoch 069/100: Train Loss: 0.0094 Acc: 0.8771 | Val Loss: 0.0139 Acc: 0.8069 | time elapsed: 0m 2s
Epoch 070/100: Train Loss: 0.0095 Acc: 0.8751 | Val Loss: 0.0140 Acc: 0.7954 | time elapsed: 0m 2s
Epoch 071/100: Train Loss: 0.0093 Acc: 0.8784 | Val Loss: 0.0148 Acc: 0.7977 | time elapsed: 0m 2s
Epoch 072/100: Train Loss: 0.0090 Acc: 0.8847 | Val Loss: 0.0144 Acc: 0.8023 | time elapsed: 0m 2s
Epoch 073/100: Train Loss: 0.0092 Acc: 0.8841 | Val Loss: 0.0140 Acc: 0.8046 | time elapsed: 0m 2s
Epoch 074/100: Train Loss: 0.0088 Acc: 0.8883 | Val Loss: 0.0142 Acc: 0.8038 | time elapsed: 0m 2s
Epoch 075/100: Train Loss: 0.0089 Acc: 0.8866 | Val Loss: 0.0143 Acc: 0.8000 | time elapsed: 0m 2s
Epoch 076/100: Train Loss: 0.0088 Acc: 0.8885 | Val Loss: 0.0148 Acc: 0.7992 | time elapsed: 0m 2s
Epoch 077/100: Train Loss: 0.0086 Acc: 0.8877 | Val Loss: 0.0145 Acc: 0.7939 | time elapsed: 0m 2s
Epoch 078/100: Train Loss: 0.0087 Acc: 0.8929 | Val Loss: 0.0144 Acc: 0.7962 | time elapsed: 0m 2s
Epoch 079/100: Train Loss: 0.0085 Acc: 0.8864 | Val Loss: 0.0148 Acc: 0.8015 | time elapsed: 0m 2s
Epoch 080/100: Train Loss: 0.0082 Acc: 0.8960 | Val Loss: 0.0147 Acc: 0.8053 | time elapsed: 0m 2s
Epoch 081/100: Train Loss: 0.0082 Acc: 0.8986 | Val Loss: 0.0141 Acc: 0.8046 | time elapsed: 0m 2s
Epoch 082/100: Train Loss: 0.0082 Acc: 0.8973 | Val Loss: 0.0150 Acc: 0.7947 | time elapsed: 0m 2s
Epoch 083/100: Train Loss: 0.0084 Acc: 0.8906 | Val Loss: 0.0152 Acc: 0.8038 | time elapsed: 0m 2s
Epoch 084/100: Train Loss: 0.0080 Acc: 0.8979 | Val Loss: 0.0159 Acc: 0.7901 | time elapsed: 0m 2s
Epoch 085/100: Train Loss: 0.0077 Acc: 0.9024 | Val Loss: 0.0161 Acc: 0.8000 | time elapsed: 0m 2s
Epoch 086/100: Train Loss: 0.0078 Acc: 0.9028 | Val Loss: 0.0160 Acc: 0.7985 | time elapsed: 0m 2s
Epoch 087/100: Train Loss: 0.0078 Acc: 0.9045 | Val Loss: 0.0159 Acc: 0.7992 | time elapsed: 0m 2s
Epoch 088/100: Train Loss: 0.0080 Acc: 0.9005 | Val Loss: 0.0145 Acc: 0.8015 | time elapsed: 0m 2s
Epoch 089/100: Train Loss: 0.0074 Acc: 0.9068 | Val Loss: 0.0160 Acc: 0.7992 | time elapsed: 0m 2s
Epoch 090/100: Train Loss: 0.0076 Acc: 0.9042 | Val Loss: 0.0167 Acc: 0.7939 | time elapsed: 0m 2s
Epoch 091/100: Train Loss: 0.0075 Acc: 0.9072 | Val Loss: 0.0157 Acc: 0.8107 | time elapsed: 0m 2s
Epoch 092/100: Train Loss: 0.0072 Acc: 0.9107 | Val Loss: 0.0161 Acc: 0.8145 | time elapsed: 0m 2s
Epoch 093/100: Train Loss: 0.0073 Acc: 0.9078 | Val Loss: 0.0160 Acc: 0.8137 | time elapsed: 0m 2s
Epoch 094/100: Train Loss: 0.0068 Acc: 0.9185 | Val Loss: 0.0162 Acc: 0.8076 | time elapsed: 0m 2s
Epoch 095/100: Train Loss: 0.0065 Acc: 0.9210 | Val Loss: 0.0161 Acc: 0.7977 | time elapsed: 0m 2s
Epoch 096/100: Train Loss: 0.0069 Acc: 0.9158 | Val Loss: 0.0161 Acc: 0.8061 | time elapsed: 0m 2s
Epoch 097/100: Train Loss: 0.0066 Acc: 0.9185 | Val Loss: 0.0168 Acc: 0.8145 | time elapsed: 0m 2s
Epoch 098/100: Train Loss: 0.0066 Acc: 0.9181 | Val Loss: 0.0169 Acc: 0.8069 | time elapsed: 0m 2s
Epoch 099/100: Train Loss: 0.0068 Acc: 0.9179 | Val Loss: 0.0164 Acc: 0.7985 | time elapsed: 0m 2s
Epoch 100/100: Train Loss: 0.0066 Acc: 0.9191 | Val Loss: 0.0171 Acc: 0.8046 | time elapsed: 0m 2s
Training complete in 3m 24s
Best accuracy on epoch 92: 0.814504
Evaluating model
Completed in 0m 0s
target_names ['NoFire', 'Fire']
Accuracy of the network on the test images: 51.66%
Classification Report
              precision    recall  f1-score   support

      NoFire       0.39      0.91      0.54       278
        Fire       0.88      0.33      0.48       593

    accuracy                           0.52       871
   macro avg       0.64      0.62      0.51       871
weighted avg       0.73      0.52      0.50       871

