KutralNet(
  (block1): KutralBlock(
    (conv): Conv2d(3, 32, kernel_size=(3, 3), stride=(1, 1), padding=(1, 1), bias=False)
    (bn): BatchNorm2d(32, eps=1e-05, momentum=0.1, affine=True, track_running_stats=True)
    (act): LeakyReLU(negative_slope=0.01, inplace=True)
    (pool): MaxPool2d(kernel_size=2, stride=2, padding=0, dilation=1, ceil_mode=False)
  )
  (block2): KutralBlock(
    (conv): Conv2d(32, 64, kernel_size=(3, 3), stride=(1, 1), padding=(1, 1), bias=False)
    (bn): BatchNorm2d(64, eps=1e-05, momentum=0.1, affine=True, track_running_stats=True)
    (act): LeakyReLU(negative_slope=0.01, inplace=True)
    (pool): MaxPool2d(kernel_size=2, stride=2, padding=0, dilation=1, ceil_mode=False)
  )
  (block3): KutralBlock(
    (conv): Conv2d(64, 128, kernel_size=(3, 3), stride=(1, 1), padding=(1, 1), bias=False)
    (bn): BatchNorm2d(128, eps=1e-05, momentum=0.1, affine=True, track_running_stats=True)
    (act): LeakyReLU(negative_slope=0.01, inplace=True)
    (pool): MaxPool2d(kernel_size=2, stride=2, padding=0, dilation=1, ceil_mode=False)
  )
  (block4): Sequential(
    (0): Conv2d(128, 64, kernel_size=(1, 1), stride=(1, 1), bias=False)
    (1): Conv2d(64, 64, kernel_size=(3, 3), stride=(1, 1), padding=(1, 1), bias=False)
    (2): BatchNorm2d(64, eps=1e-05, momentum=0.1, affine=True, track_running_stats=True)
  )
  (down_sample): Sequential(
    (0): MaxPool2d(kernel_size=2, stride=2, padding=0, dilation=1, ceil_mode=False)
    (1): BatchNorm2d(64, eps=1e-05, momentum=0.1, affine=True, track_running_stats=True)
  )
  (global_pool): AdaptiveAvgPool2d(output_size=(1, 1))
  (classifier): Linear(in_features=64, out_features=2, bias=True)
)
data_lengths {'train': 5238, 'val': 1310}
Epoch 001/100: Train Loss: 0.0147 Acc: 0.7763 | Val Loss: 0.0151 Acc: 0.7985 | lr: 0.001000
time elapsed: 0m 2s
Epoch 002/100: Train Loss: 0.0128 Acc: 0.8236 | Val Loss: 0.0153 Acc: 0.8115 | lr: 0.001000
time elapsed: 0m 2s
Epoch 003/100: Train Loss: 0.0120 Acc: 0.8326 | Val Loss: 0.0133 Acc: 0.8153 | lr: 0.001000
time elapsed: 0m 2s
Epoch 004/100: Train Loss: 0.0117 Acc: 0.8352 | Val Loss: 0.0129 Acc: 0.8237 | lr: 0.001000
time elapsed: 0m 2s
Epoch 005/100: Train Loss: 0.0110 Acc: 0.8532 | Val Loss: 0.0125 Acc: 0.8252 | lr: 0.001000
time elapsed: 0m 2s
Epoch 006/100: Train Loss: 0.0104 Acc: 0.8572 | Val Loss: 0.0111 Acc: 0.8458 | lr: 0.001000
time elapsed: 0m 2s
Epoch 007/100: Train Loss: 0.0102 Acc: 0.8637 | Val Loss: 0.0120 Acc: 0.8420 | lr: 0.001000
time elapsed: 0m 2s
Epoch 008/100: Train Loss: 0.0099 Acc: 0.8671 | Val Loss: 0.0124 Acc: 0.8443 | lr: 0.001000
time elapsed: 0m 2s
Epoch 009/100: Train Loss: 0.0096 Acc: 0.8738 | Val Loss: 0.0105 Acc: 0.8595 | lr: 0.001000
time elapsed: 0m 3s
Epoch 010/100: Train Loss: 0.0092 Acc: 0.8759 | Val Loss: 0.0129 Acc: 0.8061 | lr: 0.001000
time elapsed: 0m 2s
Epoch 011/100: Train Loss: 0.0088 Acc: 0.8858 | Val Loss: 0.0118 Acc: 0.8481 | lr: 0.001000
time elapsed: 0m 2s
Epoch 012/100: Train Loss: 0.0086 Acc: 0.8898 | Val Loss: 0.0108 Acc: 0.8573 | lr: 0.001000
time elapsed: 0m 2s
Epoch 013/100: Train Loss: 0.0086 Acc: 0.8876 | Val Loss: 0.0112 Acc: 0.8374 | lr: 0.001000
time elapsed: 0m 2s
Epoch 014/100: Train Loss: 0.0079 Acc: 0.8944 | Val Loss: 0.0120 Acc: 0.8466 | lr: 0.001000
time elapsed: 0m 2s
Epoch 015/100: Train Loss: 0.0082 Acc: 0.8923 | Val Loss: 0.0106 Acc: 0.8504 | lr: 0.001000
time elapsed: 0m 2s
Epoch 016/100: Train Loss: 0.0076 Acc: 0.9021 | Val Loss: 0.0138 Acc: 0.8466 | lr: 0.001000
time elapsed: 0m 2s
Epoch 017/100: Train Loss: 0.0074 Acc: 0.9003 | Val Loss: 0.0106 Acc: 0.8603 | lr: 0.001000
time elapsed: 0m 2s
Epoch 018/100: Train Loss: 0.0074 Acc: 0.9045 | Val Loss: 0.0125 Acc: 0.8328 | lr: 0.001000
time elapsed: 0m 2s
Epoch 019/100: Train Loss: 0.0070 Acc: 0.9082 | Val Loss: 0.0113 Acc: 0.8733 | lr: 0.001000
time elapsed: 0m 2s
Epoch 020/100: Train Loss: 0.0068 Acc: 0.9086 | Val Loss: 0.0091 Acc: 0.8794 | lr: 0.001000
time elapsed: 0m 2s
Epoch 021/100: Train Loss: 0.0065 Acc: 0.9162 | Val Loss: 0.0097 Acc: 0.8695 | lr: 0.001000
time elapsed: 0m 2s
Epoch 022/100: Train Loss: 0.0063 Acc: 0.9171 | Val Loss: 0.0100 Acc: 0.8725 | lr: 0.001000
time elapsed: 0m 2s
Epoch 023/100: Train Loss: 0.0060 Acc: 0.9240 | Val Loss: 0.0095 Acc: 0.8779 | lr: 0.001000
time elapsed: 0m 2s
Epoch 024/100: Train Loss: 0.0058 Acc: 0.9275 | Val Loss: 0.0101 Acc: 0.8702 | lr: 0.001000
time elapsed: 0m 2s
Epoch 025/100: Train Loss: 0.0053 Acc: 0.9326 | Val Loss: 0.0101 Acc: 0.8763 | lr: 0.001000
time elapsed: 0m 2s
Epoch 026/100: Train Loss: 0.0051 Acc: 0.9364 | Val Loss: 0.0092 Acc: 0.8763 | lr: 0.001000
time elapsed: 0m 2s
Epoch 027/100: Train Loss: 0.0047 Acc: 0.9402 | Val Loss: 0.0108 Acc: 0.8824 | lr: 0.001000
time elapsed: 0m 2s
Epoch 028/100: Train Loss: 0.0044 Acc: 0.9452 | Val Loss: 0.0099 Acc: 0.8771 | lr: 0.001000
time elapsed: 0m 2s
Epoch 029/100: Train Loss: 0.0047 Acc: 0.9429 | Val Loss: 0.0093 Acc: 0.8809 | lr: 0.001000
time elapsed: 0m 2s
Epoch 030/100: Train Loss: 0.0039 Acc: 0.9525 | Val Loss: 0.0110 Acc: 0.8817 | lr: 0.001000
time elapsed: 0m 2s
Epoch 031/100: Train Loss: 0.0040 Acc: 0.9509 | Val Loss: 0.0110 Acc: 0.8840 | lr: 0.001000
time elapsed: 0m 2s
Epoch 032/100: Train Loss: 0.0032 Acc: 0.9603 | Val Loss: 0.0141 Acc: 0.8504 | lr: 0.001000
time elapsed: 0m 2s
Epoch 033/100: Train Loss: 0.0030 Acc: 0.9693 | Val Loss: 0.0143 Acc: 0.8443 | lr: 0.001000
time elapsed: 0m 2s
Epoch 034/100: Train Loss: 0.0028 Acc: 0.9660 | Val Loss: 0.0108 Acc: 0.8817 | lr: 0.001000
time elapsed: 0m 2s
Epoch 035/100: Train Loss: 0.0028 Acc: 0.9675 | Val Loss: 0.0105 Acc: 0.8893 | lr: 0.001000
time elapsed: 0m 2s
Epoch 036/100: Train Loss: 0.0024 Acc: 0.9729 | Val Loss: 0.0110 Acc: 0.8779 | lr: 0.001000
time elapsed: 0m 2s
Epoch 037/100: Train Loss: 0.0021 Acc: 0.9782 | Val Loss: 0.0163 Acc: 0.8573 | lr: 0.001000
time elapsed: 0m 2s
Epoch 038/100: Train Loss: 0.0023 Acc: 0.9735 | Val Loss: 0.0116 Acc: 0.8840 | lr: 0.001000
time elapsed: 0m 2s
Epoch 039/100: Train Loss: 0.0019 Acc: 0.9811 | Val Loss: 0.0220 Acc: 0.8282 | lr: 0.001000
time elapsed: 0m 2s
Epoch 040/100: Train Loss: 0.0018 Acc: 0.9813 | Val Loss: 0.0127 Acc: 0.8779 | lr: 0.001000
time elapsed: 0m 2s
Epoch 041/100: Train Loss: 0.0019 Acc: 0.9790 | Val Loss: 0.0126 Acc: 0.8824 | lr: 0.001000
time elapsed: 0m 2s
Epoch 042/100: Train Loss: 0.0018 Acc: 0.9794 | Val Loss: 0.0261 Acc: 0.7748 | lr: 0.001000
time elapsed: 0m 2s
Epoch 043/100: Train Loss: 0.0017 Acc: 0.9813 | Val Loss: 0.0123 Acc: 0.8870 | lr: 0.001000
time elapsed: 0m 2s
Epoch 044/100: Train Loss: 0.0013 Acc: 0.9876 | Val Loss: 0.0121 Acc: 0.8924 | lr: 0.001000
time elapsed: 0m 2s
Epoch 045/100: Train Loss: 0.0015 Acc: 0.9840 | Val Loss: 0.0129 Acc: 0.8603 | lr: 0.001000
time elapsed: 0m 2s
Epoch 046/100: Train Loss: 0.0016 Acc: 0.9826 | Val Loss: 0.0163 Acc: 0.8672 | lr: 0.001000
time elapsed: 0m 2s
Epoch 047/100: Train Loss: 0.0014 Acc: 0.9847 | Val Loss: 0.0118 Acc: 0.8832 | lr: 0.001000
time elapsed: 0m 2s
Epoch 048/100: Train Loss: 0.0011 Acc: 0.9893 | Val Loss: 0.0120 Acc: 0.8863 | lr: 0.001000
time elapsed: 0m 2s
Epoch 049/100: Train Loss: 0.0009 Acc: 0.9918 | Val Loss: 0.0134 Acc: 0.8832 | lr: 0.001000
time elapsed: 0m 2s
Epoch 050/100: Train Loss: 0.0006 Acc: 0.9952 | Val Loss: 0.0153 Acc: 0.8771 | lr: 0.001000
time elapsed: 0m 2s
Epoch 051/100: Train Loss: 0.0013 Acc: 0.9880 | Val Loss: 0.0192 Acc: 0.8389 | lr: 0.001000
time elapsed: 0m 2s
Epoch 052/100: Train Loss: 0.0013 Acc: 0.9859 | Val Loss: 0.0137 Acc: 0.8878 | lr: 0.001000
time elapsed: 0m 2s
Epoch 053/100: Train Loss: 0.0006 Acc: 0.9956 | Val Loss: 0.0142 Acc: 0.8885 | lr: 0.001000
time elapsed: 0m 2s
Epoch 054/100: Train Loss: 0.0011 Acc: 0.9887 | Val Loss: 0.0140 Acc: 0.8863 | lr: 0.001000
time elapsed: 0m 2s
Epoch 055/100: Train Loss: 0.0007 Acc: 0.9947 | Val Loss: 0.0155 Acc: 0.8748 | lr: 0.001000
time elapsed: 0m 2s
Epoch 056/100: Train Loss: 0.0011 Acc: 0.9874 | Val Loss: 0.0147 Acc: 0.8824 | lr: 0.001000
time elapsed: 0m 2s
Epoch 057/100: Train Loss: 0.0009 Acc: 0.9920 | Val Loss: 0.0151 Acc: 0.8863 | lr: 0.001000
time elapsed: 0m 2s
Epoch 058/100: Train Loss: 0.0005 Acc: 0.9962 | Val Loss: 0.0238 Acc: 0.8687 | lr: 0.001000
time elapsed: 0m 2s
Epoch 059/100: Train Loss: 0.0008 Acc: 0.9922 | Val Loss: 0.0223 Acc: 0.8397 | lr: 0.001000
time elapsed: 0m 2s
Epoch 060/100: Train Loss: 0.0009 Acc: 0.9918 | Val Loss: 0.0172 Acc: 0.8771 | lr: 0.001000
time elapsed: 0m 2s
Epoch 061/100: Train Loss: 0.0004 Acc: 0.9964 | Val Loss: 0.0147 Acc: 0.8847 | lr: 0.001000
time elapsed: 0m 2s
Epoch 062/100: Train Loss: 0.0007 Acc: 0.9933 | Val Loss: 0.0167 Acc: 0.8794 | lr: 0.001000
time elapsed: 0m 2s
Epoch 063/100: Train Loss: 0.0013 Acc: 0.9861 | Val Loss: 0.0163 Acc: 0.8840 | lr: 0.001000
time elapsed: 0m 2s
Epoch 064/100: Train Loss: 0.0011 Acc: 0.9868 | Val Loss: 0.0151 Acc: 0.8573 | lr: 0.001000
time elapsed: 0m 2s
Epoch 065/100: Train Loss: 0.0007 Acc: 0.9935 | Val Loss: 0.0157 Acc: 0.8855 | lr: 0.001000
time elapsed: 0m 2s
Epoch 066/100: Train Loss: 0.0004 Acc: 0.9968 | Val Loss: 0.0146 Acc: 0.8908 | lr: 0.001000
time elapsed: 0m 2s
Epoch 067/100: Train Loss: 0.0002 Acc: 0.9992 | Val Loss: 0.0159 Acc: 0.8908 | lr: 0.001000
time elapsed: 0m 2s
Epoch 068/100: Train Loss: 0.0003 Acc: 0.9981 | Val Loss: 0.0159 Acc: 0.8809 | lr: 0.001000
time elapsed: 0m 2s
Epoch 069/100: Train Loss: 0.0002 Acc: 0.9989 | Val Loss: 0.0197 Acc: 0.8649 | lr: 0.001000
time elapsed: 0m 2s
Epoch 070/100: Train Loss: 0.0003 Acc: 0.9977 | Val Loss: 0.0139 Acc: 0.8840 | lr: 0.001000
time elapsed: 0m 2s
Epoch 071/100: Train Loss: 0.0004 Acc: 0.9966 | Val Loss: 0.0177 Acc: 0.8832 | lr: 0.001000
time elapsed: 0m 2s
Epoch 072/100: Train Loss: 0.0009 Acc: 0.9916 | Val Loss: 0.0190 Acc: 0.8809 | lr: 0.001000
time elapsed: 0m 2s
Epoch 073/100: Train Loss: 0.0007 Acc: 0.9922 | Val Loss: 0.0163 Acc: 0.8832 | lr: 0.001000
time elapsed: 0m 2s
Epoch 074/100: Train Loss: 0.0007 Acc: 0.9929 | Val Loss: 0.0153 Acc: 0.8718 | lr: 0.001000
time elapsed: 0m 2s
Epoch 075/100: Train Loss: 0.0013 Acc: 0.9853 | Val Loss: 0.0143 Acc: 0.8840 | lr: 0.001000
time elapsed: 0m 2s
Epoch 076/100: Train Loss: 0.0006 Acc: 0.9950 | Val Loss: 0.0179 Acc: 0.8878 | lr: 0.001000
time elapsed: 0m 2s
Epoch 077/100: Train Loss: 0.0001 Acc: 0.9998 | Val Loss: 0.0163 Acc: 0.8954 | lr: 0.001000
time elapsed: 0m 2s
Epoch 078/100: Train Loss: 0.0001 Acc: 1.0000 | Val Loss: 0.0164 Acc: 0.8893 | lr: 0.001000
time elapsed: 0m 2s
Epoch 079/100: Train Loss: 0.0001 Acc: 0.9998 | Val Loss: 0.0167 Acc: 0.8931 | lr: 0.001000
time elapsed: 0m 2s
Epoch 080/100: Train Loss: 0.0000 Acc: 1.0000 | Val Loss: 0.0174 Acc: 0.8885 | lr: 0.001000
time elapsed: 0m 2s
Epoch 081/100: Train Loss: 0.0023 Acc: 0.9729 | Val Loss: 0.0193 Acc: 0.8198 | lr: 0.001000
time elapsed: 0m 2s
Epoch 082/100: Train Loss: 0.0013 Acc: 0.9876 | Val Loss: 0.0199 Acc: 0.8611 | lr: 0.001000
time elapsed: 0m 2s
Epoch 083/100: Train Loss: 0.0004 Acc: 0.9964 | Val Loss: 0.0144 Acc: 0.8916 | lr: 0.001000
time elapsed: 0m 2s
Epoch 084/100: Train Loss: 0.0003 Acc: 0.9975 | Val Loss: 0.0258 Acc: 0.8389 | lr: 0.001000
time elapsed: 0m 2s
Epoch 085/100: Train Loss: 0.0003 Acc: 0.9983 | Val Loss: 0.0179 Acc: 0.8763 | lr: 0.000100
time elapsed: 0m 2s
Epoch 086/100: Train Loss: 0.0001 Acc: 0.9996 | Val Loss: 0.0162 Acc: 0.8893 | lr: 0.000100
time elapsed: 0m 2s
Epoch 087/100: Train Loss: 0.0001 Acc: 1.0000 | Val Loss: 0.0162 Acc: 0.8878 | lr: 0.000100
time elapsed: 0m 2s
Epoch 088/100: Train Loss: 0.0001 Acc: 0.9998 | Val Loss: 0.0164 Acc: 0.8870 | lr: 0.000100
time elapsed: 0m 2s
Epoch 089/100: Train Loss: 0.0001 Acc: 0.9996 | Val Loss: 0.0164 Acc: 0.8893 | lr: 0.000100
time elapsed: 0m 2s
Epoch 090/100: Train Loss: 0.0000 Acc: 1.0000 | Val Loss: 0.0169 Acc: 0.8885 | lr: 0.000100
time elapsed: 0m 2s
Epoch 091/100: Train Loss: 0.0001 Acc: 1.0000 | Val Loss: 0.0160 Acc: 0.8840 | lr: 0.000100
time elapsed: 0m 2s
Epoch 092/100: Train Loss: 0.0000 Acc: 1.0000 | Val Loss: 0.0164 Acc: 0.8878 | lr: 0.000100
time elapsed: 0m 2s
Epoch 093/100: Train Loss: 0.0000 Acc: 1.0000 | Val Loss: 0.0168 Acc: 0.8878 | lr: 0.000100
time elapsed: 0m 2s
Epoch 094/100: Train Loss: 0.0000 Acc: 1.0000 | Val Loss: 0.0165 Acc: 0.8878 | lr: 0.000100
time elapsed: 0m 2s
Epoch 095/100: Train Loss: 0.0000 Acc: 1.0000 | Val Loss: 0.0170 Acc: 0.8863 | lr: 0.000100
time elapsed: 0m 2s
Epoch 096/100: Train Loss: 0.0000 Acc: 1.0000 | Val Loss: 0.0168 Acc: 0.8870 | lr: 0.000100
time elapsed: 0m 2s
Epoch 097/100: Train Loss: 0.0000 Acc: 1.0000 | Val Loss: 0.0173 Acc: 0.8885 | lr: 0.000100
time elapsed: 0m 2s
Epoch 098/100: Train Loss: 0.0000 Acc: 1.0000 | Val Loss: 0.0169 Acc: 0.8908 | lr: 0.000100
time elapsed: 0m 2s
Epoch 099/100: Train Loss: 0.0000 Acc: 0.9998 | Val Loss: 0.0166 Acc: 0.8931 | lr: 0.000100
time elapsed: 0m 2s
Epoch 100/100: Train Loss: 0.0000 Acc: 1.0000 | Val Loss: 0.0172 Acc: 0.8924 | lr: 0.000100
time elapsed: 0m 2s
Training complete in 3m 55s
Best accuracy on epoch 77: 0.895420
